<?xml version="1.0" encoding="UTF-8"?>
<!-- Generated by org.testng.reporters.JUnitReportReporter -->
<testsuite hostname="DESKTOP-VKCHQ0K" failures="0" tests="1" name="com.packt.testrunner.TestRunner" time="10.556" errors="0" timestamp="2021-11-08T19:20:00 IST" skipped="0">
  <testcase classname="com.packt.testrunner.TestRunner" name="runScenario" time="10.556"/>
  <system-out/>
</testsuite> <!-- com.packt.testrunner.TestRunner -->
