<?xml version="1.0" encoding="UTF-8"?>
<!-- Generated by org.testng.reporters.JUnitReportReporter -->
<testsuite hostname="DESKTOP-VKCHQ0K" failures="0" tests="1" name="com.packt.testrunner.TestRunner" time="5.091" errors="0" timestamp="2021-11-08T14:57:58 IST" skipped="1">
  <testcase classname="com.packt.testrunner.TestRunner" name="runScenario" time="5.091">
    <skipped/>
  </testcase> <!-- runScenario -->
  <system-out/>
</testsuite> <!-- com.packt.testrunner.TestRunner -->
