<?xml version="1.0" encoding="UTF-8"?>
<!-- Generated by org.testng.reporters.JUnitReportReporter -->
<testsuite hostname="DESKTOP-VKCHQ0K" failures="0" tests="2" name="com.packt.testrunner.TestRunner" time="35.017" errors="0" timestamp="2021-11-09T22:29:52 IST" skipped="0">
  <testcase classname="com.packt.testrunner.TestRunner" name="runScenario" time="13.158"/>
  <system-out/>
  <testcase classname="com.packt.testrunner.TestRunner" name="runScenario" time="21.859"/>
  <system-out/>
</testsuite> <!-- com.packt.testrunner.TestRunner -->
