<?xml version="1.0" encoding="UTF-8"?>
<!-- Generated by org.testng.reporters.JUnitReportReporter -->
<testsuite hostname="DESKTOP-VKCHQ0K" failures="0" tests="1" name="com.packt.testrunner.TestRunner" time="9.705" errors="0" timestamp="2021-11-08T17:10:19 IST" skipped="0">
  <testcase classname="com.packt.testrunner.TestRunner" name="runScenario" time="9.705"/>
  <system-out/>
</testsuite> <!-- com.packt.testrunner.TestRunner -->
