<?xml version="1.0" encoding="UTF-8"?>
<!-- Generated by org.testng.reporters.JUnitReportReporter -->
<testsuite hostname="DESKTOP-VKCHQ0K" failures="1" tests="4" name="com.packt.testrunner.TestRunner" time="68.488" errors="0" timestamp="2021-11-13T13:31:16 IST" skipped="0">
  <testcase classname="com.packt.testrunner.TestRunner" name="runScenario" time="18.371"/>
  <system-out/>
  <testcase classname="com.packt.testrunner.TestRunner" name="runScenario" time="18.665"/>
  <system-out/>
  <testcase classname="com.packt.testrunner.TestRunner" name="runScenario" time="9.625"/>
  <system-out/>
  <testcase classname="com.packt.testrunner.TestRunner" name="runScenario" time="21.827">
    <failure message="Expected location of Account menu is coordinates(1217, 28) but recieved:(1218, 26)" type="java.lang.AssertionError">
      <![CDATA[java.lang.AssertionError: Expected location of Account menu is coordinates(1217, 28) but recieved:(1218, 26)
at org.testng.Assert.fail(Assert.java:99)
at com.packt.utils.ReportGenerator.fail(ReportGenerator.java:145)
at com.packt.utils.Assertions.assertEquals(Assertions.java:23)
at com.packt.stepdefinations.PacktHomePageSteps.iVerifyTheElementsOnHomepage(PacktHomePageSteps.java:120)
at âœ½.I verify the elements on homepage(file:src/test/resources/Feature_Files/Packt_Assessment_Feature.feature:25)
]]>
    </failure>
  </testcase> <!-- runScenario -->
  <system-out/>
</testsuite> <!-- com.packt.testrunner.TestRunner -->
