<?xml version="1.0" encoding="UTF-8"?>
<!-- Generated by org.testng.reporters.JUnitReportReporter -->
<testsuite hostname="DESKTOP-VKCHQ0K" failures="0" tests="1" name="com.packt.testrunner.TestRunner" time="14.064" errors="0" timestamp="2021-11-09T14:48:00 IST" skipped="0">
  <testcase classname="com.packt.testrunner.TestRunner" name="runScenario" time="14.064"/>
  <system-out/>
</testsuite> <!-- com.packt.testrunner.TestRunner -->
